<?xml version="1.0" encoding="UTF-8"?>
<!-- Generated by org.testng.reporters.JUnitReportReporter -->
<testsuite skipped="0" hostname="LAPTOP-VJJTB407" name="company.tests.SubmitOrderTest" tests="3" failures="0" timestamp="2022-11-09T03:50:20 EST" time="42.799" errors="0">
  <testcase name="OrderHistoryTest" time="9.916" classname="company.tests.SubmitOrderTest"/>
  <system-out/>
  <testcase name="submitOrder" time="10.127" classname="company.tests.SubmitOrderTest"/>
  <system-out/>
  <testcase name="submitOrder" time="22.756" classname="company.tests.SubmitOrderTest"/>
  <system-out/>
</testsuite> <!-- company.tests.SubmitOrderTest -->
