<?xml version="1.0" encoding="UTF-8"?>
<!-- Generated by org.testng.reporters.JUnitReportReporter -->
<testsuite skipped="0" hostname="LAPTOP-VJJTB407" name="company.tests.ErrorValidations" tests="2" failures="0" timestamp="2022-11-06T13:03:37 EST" time="47.839" errors="0">
  <testcase name="ProductValidation" time="24.306" classname="company.tests.ErrorValidations"/>
  <system-out/>
  <testcase name="LoginErrorValidation" time="23.533" classname="company.tests.ErrorValidations"/>
  <system-out/>
</testsuite> <!-- company.tests.ErrorValidations -->
