<?xml version="1.0" encoding="UTF-8"?>
<!-- Generated by org.testng.reporters.JUnitReportReporter -->
<testsuite skipped="0" hostname="LAPTOP-VJJTB407" name="company.tests.SubmitOrderDataTest" tests="3" failures="0" timestamp="2022-11-07T17:05:59 EST" time="54.993" errors="0">
  <testcase name="OrderHistoryTest" time="11.370" classname="company.tests.SubmitOrderDataTest"/>
  <system-out/>
  <testcase name="submitOrder" time="21.707" classname="company.tests.SubmitOrderDataTest"/>
  <system-out/>
  <testcase name="submitOrder" time="21.916" classname="company.tests.SubmitOrderDataTest"/>
  <system-out/>
</testsuite> <!-- company.tests.SubmitOrderDataTest -->
