<?xml version="1.0" encoding="UTF-8"?>
<!-- Generated by org.testng.reporters.JUnitReportReporter -->
<testsuite skipped="0" hostname="LAPTOP-VJJTB407" name="cucumber.TestNGTestRunner" tests="2" failures="0" timestamp="2022-11-12T10:18:36 EST" time="32.456" errors="0">
  <testcase name="runScenario" time="8.489" classname="cucumber.TestNGTestRunner"/>
  <system-out/>
  <testcase name="runScenario" time="23.967" classname="cucumber.TestNGTestRunner"/>
  <system-out/>
</testsuite> <!-- cucumber.TestNGTestRunner -->
