<?xml version="1.0" encoding="UTF-8"?>
<!-- Generated by org.testng.reporters.JUnitReportReporter -->
<testsuite skipped="0" hostname="LAPTOP-VJJTB407" name="cucumber.TestNGTestRunner" tests="1" failures="0" timestamp="12 Nov 2022 15:27:25 GMT" time="26.411" errors="0">
  <testcase name="runScenario" time="26.411" classname="cucumber.TestNGTestRunner"/>
</testsuite> <!-- cucumber.TestNGTestRunner -->
