<?xml version="1.0" encoding="UTF-8"?>
<!-- Generated by org.testng.reporters.JUnitReportReporter -->
<testsuite skipped="0" hostname="LAPTOP-VJJTB407" name="company.tests.SubmitOrderTest" tests="3" failures="0" timestamp="12 Nov 2022 15:25:51 GMT" time="70.852" errors="0">
  <testcase name="OrderHistoryTest" time="10.328" classname="company.tests.SubmitOrderTest"/>
  <testcase name="submitOrder" time="38.298" classname="company.tests.SubmitOrderTest"/>
  <testcase name="submitOrder" time="22.226" classname="company.tests.SubmitOrderTest"/>
</testsuite> <!-- company.tests.SubmitOrderTest -->
